<?xml version="1.0" encoding="UTF-8"?>
<!-- Generated by org.testng.reporters.JUnitReportReporter -->
<testsuite skipped="0" hostname="Samis-MacBook-Pro.local" name="com.GetCall.WeatherGetTests" tests="1" failures="0" timestamp="01 May 2018 02:41:49 GMT" time="1.967" errors="0">
  <testcase name="getWeatherDetailsTest" time="1.967" classname="com.GetCall.WeatherGetTests"/>
</testsuite> <!-- com.GetCall.WeatherGetTests -->
