<?xml version="1.0" encoding="UTF-8"?>
<!-- Generated by org.testng.reporters.JUnitReportReporter -->
<testsuite skipped="0" hostname="Samis-MacBook-Pro.local" name="com.PostCalls.DemoQA_Customer_PostCall" tests="1" failures="0" timestamp="01 May 2018 22:37:44 GMT" time="0.005" errors="0">
  <testcase name="createNewCustomer" time="0.005" classname="com.PostCalls.DemoQA_Customer_PostCall"/>
</testsuite> <!-- com.PostCalls.DemoQA_Customer_PostCall -->
