<?xml version="1.0" encoding="UTF-8"?>
<!-- Generated by org.testng.reporters.JUnitReportReporter -->
<testsuite skipped="0" hostname="Samis-MacBook-Pro.local" name="com.PostCalls.PostCallWithJavaObjects" tests="1" failures="0" timestamp="02 May 2018 15:29:12 GMT" time="1.789" errors="0">
  <testcase name="createNewCustomerTest2" time="1.789" classname="com.PostCalls.PostCallWithJavaObjects"/>
</testsuite> <!-- com.PostCalls.PostCallWithJavaObjects -->
