<?xml version="1.0" encoding="UTF-8"?>
<!-- Generated by org.testng.reporters.JUnitReportReporter -->
<testsuite skipped="0" hostname="Samis-MacBook-Pro.local" name="com.PostCalls.PostCallWithJavaObjects" tests="1" failures="0" timestamp="02 May 2018 20:46:08 GMT" time="2.441" errors="0">
  <testcase name="createNewCustomerTest2" time="2.441" classname="com.PostCalls.PostCallWithJavaObjects"/>
</testsuite> <!-- com.PostCalls.PostCallWithJavaObjects -->
