<?xml version="1.0" encoding="UTF-8"?>
<!-- Generated by org.testng.reporters.JUnitReportReporter -->
<testsuite skipped="0" hostname="Samis-MacBook-Pro.local" name="com.GetCall.WeatherGetTests" tests="1" failures="0" timestamp="01 May 2018 21:22:53 GMT" time="2.239" errors="0">
  <testcase name="getWeatherDetailsTest" time="2.239" classname="com.GetCall.WeatherGetTests"/>
</testsuite> <!-- com.GetCall.WeatherGetTests -->
